Using pre-set license
Built from '2020.2/staging' branch; Version is '2020.2.6f1 (8a2143876886) revision 9052483'; Using compiler version '192528614'; Build Type 'Release'
OS: 'Windows 10 Home; OS build 18363.1440; Version 1909; 64bit' Language: 'en' Physical Memory: 16226 MB
BatchMode: 1, IsHumanControllingUs: 0, StartBugReporterOnCrash: 0, Is64bit: 1, IsPro: 0

 COMMAND LINE ARGUMENTS:
E:\Editors\2020.2.6f1\Editor\Unity.exe
-adb2
-batchMode
-noUpm
-name
AssetImportWorker0
-projectPath
E:/GameDev/FantasyRPGCourse/FantasyRPG
-logFile
Logs/AssetImportWorker0.log
-srvPort
50282
Successfully changed project path to: E:/GameDev/FantasyRPGCourse/FantasyRPG
E:/GameDev/FantasyRPGCourse/FantasyRPG
Using Asset Import Pipeline V2.
Refreshing native plugins compatible for Editor in 48.23 ms, found 0 plugins.
Preloading 0 native plugins for Editor in 0.00 ms.
Initialize engine version: 2020.2.6f1 (8a2143876886)
[Subsystems] Discovering subsystems at path E:/Editors/2020.2.6f1/Editor/Data/Resources/UnitySubsystems
[Subsystems] Discovering subsystems at path E:/GameDev/FantasyRPGCourse/FantasyRPG/Assets
GfxDevice: creating device client; threaded=0
Direct3D:
    Version:  Direct3D 11.0 [level 11.1]
    Renderer: NVIDIA GeForce MX150 (ID=0x1d12)
    Vendor:   
    VRAM:     1994 MB
    Driver:   23.21.13.8892
Initialize mono
Mono path[0] = 'E:/Editors/2020.2.6f1/Editor/Data/Managed'
Mono path[1] = 'E:/Editors/2020.2.6f1/Editor/Data/MonoBleedingEdge/lib/mono/unityjit'
Mono config path = 'E:/Editors/2020.2.6f1/Editor/Data/MonoBleedingEdge/etc'
Using monoOptions --debugger-agent=transport=dt_socket,embedding=1,server=y,suspend=n,address=127.0.0.1:56956
Begin MonoManager ReloadAssembly
Registering precompiled unity dll's ...
Register platform support module: E:/Editors/2020.2.6f1/Editor/Data/PlaybackEngines/WebGLSupport/UnityEditor.WebGL.Extensions.dll
Register platform support module: E:/Editors/2020.2.6f1/Editor/Data/PlaybackEngines/WindowsStandaloneSupport/UnityEditor.WindowsStandalone.Extensions.dll
Registered in 0.002406 seconds.
Native extension for WindowsStandalone target not found
Native extension for WebGL target not found
Refreshing native plugins compatible for Editor in 39.72 ms, found 0 plugins.
Preloading 0 native plugins for Editor in 0.00 ms.
Invoked RoslynAnalysisRunner static constructor.
RoslynAnalysisRunner will not be running.
RoslynAnalysisRunner has terminated.
Mono: successfully reloaded assembly
- Completed reload, in  1.579 seconds
Platform modules already initialized, skipping
Registering precompiled user dll's ...
Registered in 0.001488 seconds.
Begin MonoManager ReloadAssembly
Native extension for WindowsStandalone target not found
Native extension for WebGL target not found
Refreshing native plugins compatible for Editor in 0.38 ms, found 0 plugins.
Preloading 0 native plugins for Editor in 0.00 ms.
Invoked RoslynAnalysisRunner static constructor.
RoslynAnalysisRunner will not be running.
RoslynAnalysisRunner has terminated.
Mono: successfully reloaded assembly
- Completed reload, in  1.281 seconds
Platform modules already initialized, skipping
========================================================================
Worker process is ready to serve import requests
Launched and connected shader compiler UnityShaderCompiler.exe after 0.06 seconds
Refreshing native plugins compatible for Editor in 0.43 ms, found 0 plugins.
Preloading 0 native plugins for Editor in 0.00 ms.
Unloading 1227 Unused Serialized files (Serialized files now loaded: 0)
System memory in use before: 61.5 MB.
System memory in use after: 61.5 MB.

Unloading 14 unused Assets to reduce memory usage. Loaded Objects now: 1674.
Total: 2.445400 ms (FindLiveObjects: 0.231400 ms CreateObjectMapping: 0.110700 ms MarkObjects: 2.004400 ms  DeleteObjects: 0.097500 ms)

========================================================================
Received Import Request.
  path: Assets/Scripts/Battle/BattleManager.cs
  artifactKey: Guid(fa26b029e1f66f647927f75803523545) Importer(815301076,1909f56bfc062723c751e8b465ee728b)
Start importing Assets/Scripts/Battle/BattleManager.cs using Guid(fa26b029e1f66f647927f75803523545) Importer(815301076,1909f56bfc062723c751e8b465ee728b)  -> (artifact id: '7efb3225382dbb2f0365b7cc197f1d86') in 0.080445 seconds
  Import took 0.083933 seconds .

========================================================================
Received Import Request.
  Time since last request: 6537.977452 seconds.
  path: Assets/Animations/Player Movement/Player_Idle_Down.anim
  artifactKey: Guid(6052aed2812167743a8e46c478c1a3fd) Importer(815301076,1909f56bfc062723c751e8b465ee728b)
Start importing Assets/Animations/Player Movement/Player_Idle_Down.anim using Guid(6052aed2812167743a8e46c478c1a3fd) Importer(815301076,1909f56bfc062723c751e8b465ee728b)  -> (artifact id: '72f3feeb9d5d218dd42046cc4b2b8e73') in 0.031502 seconds
  Import took 0.034987 seconds .

========================================================================
Received Import Request.
  Time since last request: 0.412943 seconds.
  path: Assets/Animations/Player Movement/Player_Idle_Left.anim
  artifactKey: Guid(9064d091904d81448b3247d20905a88d) Importer(815301076,1909f56bfc062723c751e8b465ee728b)
Start importing Assets/Animations/Player Movement/Player_Idle_Left.anim using Guid(9064d091904d81448b3247d20905a88d) Importer(815301076,1909f56bfc062723c751e8b465ee728b)  -> (artifact id: '89221533731859baad0ecf7e4190c6b1') in 0.013278 seconds
  Import took 0.016916 seconds .

========================================================================
Received Import Request.
  Time since last request: 0.001619 seconds.
  path: Assets/Animations/Player Movement/Player_Idle_Left.anim
  artifactKey: Guid(9064d091904d81448b3247d20905a88d) Importer(815301076,1909f56bfc062723c751e8b465ee728b)
Start importing Assets/Animations/Player Movement/Player_Idle_Left.anim using Guid(9064d091904d81448b3247d20905a88d) Importer(815301076,1909f56bfc062723c751e8b465ee728b)  -> (artifact id: '89221533731859baad0ecf7e4190c6b1') in 0.004898 seconds
  Import took 0.008395 seconds .

========================================================================
Received Import Request.
  Time since last request: 2.941241 seconds.
  path: Assets/Animations/Player Movement/Player_Idle_Up.anim
  artifactKey: Guid(8d7db8c6795ec95429321e216d0d24e9) Importer(815301076,1909f56bfc062723c751e8b465ee728b)
Start importing Assets/Animations/Player Movement/Player_Idle_Up.anim using Guid(8d7db8c6795ec95429321e216d0d24e9) Importer(815301076,1909f56bfc062723c751e8b465ee728b)  -> (artifact id: '73e5c95de2468ae088e829451811e961') in 0.012550 seconds
  Import took 0.015909 seconds .

========================================================================
Received Import Request.
  Time since last request: 0.006407 seconds.
  path: Assets/Animations/Player Movement/Player_Idle_Up.anim
  artifactKey: Guid(8d7db8c6795ec95429321e216d0d24e9) Importer(815301076,1909f56bfc062723c751e8b465ee728b)
Start importing Assets/Animations/Player Movement/Player_Idle_Up.anim using Guid(8d7db8c6795ec95429321e216d0d24e9) Importer(815301076,1909f56bfc062723c751e8b465ee728b)  -> (artifact id: '73e5c95de2468ae088e829451811e961') in 0.007398 seconds
  Import took 0.011727 seconds .

========================================================================
Received Import Request.
  Time since last request: 53.831551 seconds.
  path: Assets/Animations/NPC Idle
  artifactKey: Guid(c1d5082bea0afc64ea5622220791449d) Importer(815301076,1909f56bfc062723c751e8b465ee728b)
Start importing Assets/Animations/NPC Idle using Guid(c1d5082bea0afc64ea5622220791449d) Importer(815301076,1909f56bfc062723c751e8b465ee728b)  -> (artifact id: '78f7cde2cb72af64bddfd893061aa4d5') in 0.010708 seconds
  Import took 0.022629 seconds .

========================================================================
Received Import Request.
  Time since last request: 0.707267 seconds.
  path: Assets/Animations/NPC Idle/Boss.controller
  artifactKey: Guid(30963e041a85f7d4a83bba8dd5345cf1) Importer(815301076,1909f56bfc062723c751e8b465ee728b)
Start importing Assets/Animations/NPC Idle/Boss.controller using Guid(30963e041a85f7d4a83bba8dd5345cf1) Importer(815301076,1909f56bfc062723c751e8b465ee728b)  -> (artifact id: '3d9568e587d0a9f54f60593f6022f255') in 0.014085 seconds
  Import took 0.016833 seconds .

========================================================================
Received Import Request.
  Time since last request: 0.442243 seconds.
  path: Assets/Animations/NPC Idle/Boss_Idle.anim
  artifactKey: Guid(7dfd53e36c47a174e93f7c72239950b6) Importer(815301076,1909f56bfc062723c751e8b465ee728b)
Start importing Assets/Animations/NPC Idle/Boss_Idle.anim using Guid(7dfd53e36c47a174e93f7c72239950b6) Importer(815301076,1909f56bfc062723c751e8b465ee728b)  -> (artifact id: '77c6dd4b45834f2d5dcdf5496145e78a') in 0.010423 seconds
  Import took 0.014685 seconds .

========================================================================
Received Import Request.
  Time since last request: 0.004699 seconds.
  path: Assets/Animations/NPC Idle/Boss_Idle.anim
  artifactKey: Guid(7dfd53e36c47a174e93f7c72239950b6) Importer(815301076,1909f56bfc062723c751e8b465ee728b)
Start importing Assets/Animations/NPC Idle/Boss_Idle.anim using Guid(7dfd53e36c47a174e93f7c72239950b6) Importer(815301076,1909f56bfc062723c751e8b465ee728b)  -> (artifact id: '77c6dd4b45834f2d5dcdf5496145e78a') in 0.004970 seconds
  Import took 0.009303 seconds .

========================================================================
Received Import Request.
  Time since last request: 192.237229 seconds.
  path: Assets/Animations/Attack Effects/Attack Animations/Player2_Attack.anim
  artifactKey: Guid(8bdf4936b8463514c96ff5daa1cd00e4) Importer(815301076,1909f56bfc062723c751e8b465ee728b)
Start importing Assets/Animations/Attack Effects/Attack Animations/Player2_Attack.anim using Guid(8bdf4936b8463514c96ff5daa1cd00e4) Importer(815301076,1909f56bfc062723c751e8b465ee728b)  -> (artifact id: 'ed73cefd66a4bb9a15b8357f35c34ab3') in 0.019275 seconds
  Import took 0.025272 seconds .

========================================================================
Received Import Request.
  Time since last request: 0.002028 seconds.
  path: Assets/Animations/Attack Effects/Attack Animations/Player2_Attack.anim
  artifactKey: Guid(8bdf4936b8463514c96ff5daa1cd00e4) Importer(815301076,1909f56bfc062723c751e8b465ee728b)
Start importing Assets/Animations/Attack Effects/Attack Animations/Player2_Attack.anim using Guid(8bdf4936b8463514c96ff5daa1cd00e4) Importer(815301076,1909f56bfc062723c751e8b465ee728b)  -> (artifact id: 'ed73cefd66a4bb9a15b8357f35c34ab3') in 0.005763 seconds
  Import took 0.010251 seconds .

========================================================================
Received Import Request.
  Time since last request: 24.261587 seconds.
  path: Assets/Animations/Attack Effects/Attack Animations/Spider_Attack.anim
  artifactKey: Guid(e669b00894b61d24b9b316cb60dc4899) Importer(815301076,1909f56bfc062723c751e8b465ee728b)
Start importing Assets/Animations/Attack Effects/Attack Animations/Spider_Attack.anim using Guid(e669b00894b61d24b9b316cb60dc4899) Importer(815301076,1909f56bfc062723c751e8b465ee728b)  -> (artifact id: '06aa27fe471adacbef1337a7c19fa272') in 0.017982 seconds
  Import took 0.020817 seconds .

========================================================================
Received Import Request.
  Time since last request: 78.758400 seconds.
  path: Assets/Animations/Attack Effects/Attack Animations/Dragon_Attack.anim
  artifactKey: Guid(9a74aa8200eeebd46b934e01bbe280c6) Importer(815301076,1909f56bfc062723c751e8b465ee728b)
Start importing Assets/Animations/Attack Effects/Attack Animations/Dragon_Attack.anim using Guid(9a74aa8200eeebd46b934e01bbe280c6) Importer(815301076,1909f56bfc062723c751e8b465ee728b)  -> (artifact id: 'a29eb72c1c813f206266251a4251fd87') in 0.015234 seconds
  Import took 0.028331 seconds .

========================================================================
Received Import Request.
  Time since last request: 23.927574 seconds.
  path: Assets/Animations/Attack Effects/Attack Animations/Eyeball_Death.anim
  artifactKey: Guid(9540758d67b27514791c8c0fefef9087) Importer(815301076,1909f56bfc062723c751e8b465ee728b)
Start importing Assets/Animations/Attack Effects/Attack Animations/Eyeball_Death.anim using Guid(9540758d67b27514791c8c0fefef9087) Importer(815301076,1909f56bfc062723c751e8b465ee728b)  -> (artifact id: 'daf94d8ee48102813defa601fbbfd329') in 0.022710 seconds
  Import took 0.026359 seconds .

========================================================================
Received Import Request.
  Time since last request: 0.001032 seconds.
  path: Assets/Animations/Attack Effects/Attack Animations/Eyeball_Death.anim
  artifactKey: Guid(9540758d67b27514791c8c0fefef9087) Importer(815301076,1909f56bfc062723c751e8b465ee728b)
Start importing Assets/Animations/Attack Effects/Attack Animations/Eyeball_Death.anim using Guid(9540758d67b27514791c8c0fefef9087) Importer(815301076,1909f56bfc062723c751e8b465ee728b)  -> (artifact id: 'daf94d8ee48102813defa601fbbfd329') in 0.004579 seconds
  Import took 0.007237 seconds .

========================================================================
Received Import Request.
  Time since last request: 13.770341 seconds.
  path: Assets/Animations/Attack Effects/Attack Animations/Dragon_Death.anim
  artifactKey: Guid(5880cc1c7cd4d7f448d33a83cb88f855) Importer(815301076,1909f56bfc062723c751e8b465ee728b)
Start importing Assets/Animations/Attack Effects/Attack Animations/Dragon_Death.anim using Guid(5880cc1c7cd4d7f448d33a83cb88f855) Importer(815301076,1909f56bfc062723c751e8b465ee728b)  -> (artifact id: '6099012f5dc0207a1b6093cfb65efd28') in 0.009659 seconds
  Import took 0.021148 seconds .

========================================================================
Received Import Request.
  Time since last request: 142.926183 seconds.
  path: Assets/Prefabs/Battle/Enemies/Boss.prefab
  artifactKey: Guid(8e9f948d32a085a4db9b45cfef26786a) Importer(815301076,1909f56bfc062723c751e8b465ee728b)
Start importing Assets/Prefabs/Battle/Enemies/Boss.prefab using Guid(8e9f948d32a085a4db9b45cfef26786a) Importer(815301076,1909f56bfc062723c751e8b465ee728b)  -> (artifact id: '7bbd165378c188f31255de3b8bc7ff49') in 0.102655 seconds
  Import took 0.106619 seconds .

========================================================================
Received Import Request.
  Time since last request: 12.557072 seconds.
  path: Assets/Prefabs/Battle/Enemies/Dragon.prefab
  artifactKey: Guid(8e9f948d32a085a4db9b45cfef26786a) Importer(815301076,1909f56bfc062723c751e8b465ee728b)
Start importing Assets/Prefabs/Battle/Enemies/Dragon.prefab using Guid(8e9f948d32a085a4db9b45cfef26786a) Importer(815301076,1909f56bfc062723c751e8b465ee728b)  -> (artifact id: '2e25c9f6f49bc5dea65753142a2eb86e') in 0.031223 seconds
  Import took 0.034831 seconds .

========================================================================
Received Import Request.
  Time since last request: 14.177606 seconds.
  path: Assets/Prefabs/Battle/Battle Manager.prefab
  artifactKey: Guid(0603e09bad794f243919234384d8675d) Importer(815301076,1909f56bfc062723c751e8b465ee728b)
Start importing Assets/Prefabs/Battle/Battle Manager.prefab using Guid(0603e09bad794f243919234384d8675d) Importer(815301076,1909f56bfc062723c751e8b465ee728b)  -> (artifact id: 'e57afaa38094af209c80ea3089acdd23') in 0.123890 seconds
  Import took 0.130128 seconds .

========================================================================
Received Prepare
Registering precompiled user dll's ...
Registered in 0.001723 seconds.
Begin MonoManager ReloadAssembly
Native extension for WindowsStandalone target not found
Native extension for WebGL target not found
Refreshing native plugins compatible for Editor in 0.38 ms, found 0 plugins.
Preloading 0 native plugins for Editor in 0.00 ms.
Invoked RoslynAnalysisRunner static constructor.
RoslynAnalysisRunner will not be running.
RoslynAnalysisRunner has terminated.
Mono: successfully reloaded assembly
- Completed reload, in  0.845 seconds
Platform modules already initialized, skipping
Refreshing native plugins compatible for Editor in 0.38 ms, found 0 plugins.
Preloading 0 native plugins for Editor in 0.00 ms.
Unloading 1222 Unused Serialized files (Serialized files now loaded: 0)
System memory in use before: 64.7 MB.
System memory in use after: 64.8 MB.

Unloading 5 unused Assets to reduce memory usage. Loaded Objects now: 1684.
Total: 1.950200 ms (FindLiveObjects: 0.162800 ms CreateObjectMapping: 0.031300 ms MarkObjects: 1.698700 ms  DeleteObjects: 0.056300 ms)

========================================================================
Received Prepare
Registering precompiled user dll's ...
Registered in 0.002221 seconds.
Begin MonoManager ReloadAssembly
Native extension for WindowsStandalone target not found
Native extension for WebGL target not found
Refreshing native plugins compatible for Editor in 0.42 ms, found 0 plugins.
Preloading 0 native plugins for Editor in 0.00 ms.
Invoked RoslynAnalysisRunner static constructor.
RoslynAnalysisRunner will not be running.
RoslynAnalysisRunner has terminated.
Mono: successfully reloaded assembly
- Completed reload, in  0.839 seconds
Platform modules already initialized, skipping
Refreshing native plugins compatible for Editor in 0.38 ms, found 0 plugins.
Preloading 0 native plugins for Editor in 0.00 ms.
Unloading 1222 Unused Serialized files (Serialized files now loaded: 0)
System memory in use before: 64.8 MB.
System memory in use after: 64.8 MB.

Unloading 5 unused Assets to reduce memory usage. Loaded Objects now: 1687.
Total: 2.666100 ms (FindLiveObjects: 0.195200 ms CreateObjectMapping: 0.077200 ms MarkObjects: 2.234000 ms  DeleteObjects: 0.158400 ms)

========================================================================
Received Import Request.
  Time since last request: 518.313110 seconds.
  path: Assets/Prefabs/Battle/Enemies/Dragon.prefab
  artifactKey: Guid(8e9f948d32a085a4db9b45cfef26786a) Importer(815301076,1909f56bfc062723c751e8b465ee728b)
Start importing Assets/Prefabs/Battle/Enemies/Dragon.prefab using Guid(8e9f948d32a085a4db9b45cfef26786a) Importer(815301076,1909f56bfc062723c751e8b465ee728b)  -> (artifact id: 'ee136733cce7a4a1eaa0179c8c3f7b6a') in 0.090739 seconds
  Import took 0.094487 seconds .

========================================================================
Received Import Request.
  Time since last request: 40.941739 seconds.
  path: Assets/Animations/Attack Effects/Attack Animations/Eyeball.controller
  artifactKey: Guid(34bff17930190e242b784cf3a7c2f4c8) Importer(815301076,1909f56bfc062723c751e8b465ee728b)
Start importing Assets/Animations/Attack Effects/Attack Animations/Eyeball.controller using Guid(34bff17930190e242b784cf3a7c2f4c8) Importer(815301076,1909f56bfc062723c751e8b465ee728b)  -> (artifact id: 'd947e2544817b4ff15decdd17bf40ae7') in 0.022385 seconds
  Import took 0.025828 seconds .

========================================================================
Received Import Request.
  Time since last request: 23.064401 seconds.
  path: Assets/Animations/Attack Effects/Attack Animations/Boss.controller
  artifactKey: Guid(cac973c8392b4024a8c33f368cd0b489) Importer(815301076,1909f56bfc062723c751e8b465ee728b)
Start importing Assets/Animations/Attack Effects/Attack Animations/Boss.controller using Guid(cac973c8392b4024a8c33f368cd0b489) Importer(815301076,1909f56bfc062723c751e8b465ee728b)  -> (artifact id: '619c3271dd5d41841ab2728f02f65a99') in 0.011540 seconds
  Import took 0.022676 seconds .

========================================================================
Received Prepare
Registering precompiled user dll's ...
Registered in 0.001600 seconds.
Begin MonoManager ReloadAssembly
Native extension for WindowsStandalone target not found
Native extension for WebGL target not found
Refreshing native plugins compatible for Editor in 0.42 ms, found 0 plugins.
Preloading 0 native plugins for Editor in 0.00 ms.
Invoked RoslynAnalysisRunner static constructor.
RoslynAnalysisRunner will not be running.
RoslynAnalysisRunner has terminated.
Mono: successfully reloaded assembly
- Completed reload, in  0.850 seconds
Platform modules already initialized, skipping
Refreshing native plugins compatible for Editor in 0.78 ms, found 0 plugins.
Preloading 0 native plugins for Editor in 0.00 ms.
Unloading 1222 Unused Serialized files (Serialized files now loaded: 0)
System memory in use before: 64.8 MB.
System memory in use after: 64.9 MB.

Unloading 5 unused Assets to reduce memory usage. Loaded Objects now: 1691.
Total: 4.504500 ms (FindLiveObjects: 0.591500 ms CreateObjectMapping: 0.297000 ms MarkObjects: 3.477300 ms  DeleteObjects: 0.133500 ms)

========================================================================
Received Prepare
Registering precompiled user dll's ...
Registered in 0.001856 seconds.
Begin MonoManager ReloadAssembly
Native extension for WindowsStandalone target not found
Native extension for WebGL target not found
Refreshing native plugins compatible for Editor in 0.48 ms, found 0 plugins.
Preloading 0 native plugins for Editor in 0.00 ms.
Invoked RoslynAnalysisRunner static constructor.
RoslynAnalysisRunner will not be running.
RoslynAnalysisRunner has terminated.
Mono: successfully reloaded assembly
- Completed reload, in  0.789 seconds
Platform modules already initialized, skipping
Refreshing native plugins compatible for Editor in 0.39 ms, found 0 plugins.
Preloading 0 native plugins for Editor in 0.00 ms.
Unloading 1222 Unused Serialized files (Serialized files now loaded: 0)
System memory in use before: 64.8 MB.
System memory in use after: 64.9 MB.

Unloading 5 unused Assets to reduce memory usage. Loaded Objects now: 1694.
Total: 2.433400 ms (FindLiveObjects: 0.399300 ms CreateObjectMapping: 0.095700 ms MarkObjects: 1.836300 ms  DeleteObjects: 0.099700 ms)

========================================================================
Received Import Request.
  Time since last request: 242.097701 seconds.
  path: Assets/Prefabs/Battle/Enemies/Dragon.prefab
  artifactKey: Guid(8e9f948d32a085a4db9b45cfef26786a) Importer(815301076,1909f56bfc062723c751e8b465ee728b)
Start importing Assets/Prefabs/Battle/Enemies/Dragon.prefab using Guid(8e9f948d32a085a4db9b45cfef26786a) Importer(815301076,1909f56bfc062723c751e8b465ee728b)  -> (artifact id: '0b10102b2d465a625ce01c0b11b902aa') in 0.077086 seconds
  Import took 0.080285 seconds .

========================================================================
Received Prepare
Registering precompiled user dll's ...
Registered in 0.001855 seconds.
Begin MonoManager ReloadAssembly
Native extension for WindowsStandalone target not found
Native extension for WebGL target not found
Refreshing native plugins compatible for Editor in 0.40 ms, found 0 plugins.
Preloading 0 native plugins for Editor in 0.00 ms.
Invoked RoslynAnalysisRunner static constructor.
RoslynAnalysisRunner will not be running.
RoslynAnalysisRunner has terminated.
Mono: successfully reloaded assembly
- Completed reload, in  0.827 seconds
Platform modules already initialized, skipping
Refreshing native plugins compatible for Editor in 0.40 ms, found 0 plugins.
Preloading 0 native plugins for Editor in 0.00 ms.
Unloading 1222 Unused Serialized files (Serialized files now loaded: 0)
System memory in use before: 64.9 MB.
System memory in use after: 65.0 MB.

Unloading 5 unused Assets to reduce memory usage. Loaded Objects now: 1698.
Total: 2.001900 ms (FindLiveObjects: 0.227700 ms CreateObjectMapping: 0.098700 ms MarkObjects: 1.598400 ms  DeleteObjects: 0.076100 ms)

========================================================================
Received Prepare
Registering precompiled user dll's ...
Registered in 0.001987 seconds.
Begin MonoManager ReloadAssembly
Native extension for WindowsStandalone target not found
Native extension for WebGL target not found
Refreshing native plugins compatible for Editor in 0.59 ms, found 0 plugins.
Preloading 0 native plugins for Editor in 0.00 ms.
Invoked RoslynAnalysisRunner static constructor.
RoslynAnalysisRunner will not be running.
RoslynAnalysisRunner has terminated.
Mono: successfully reloaded assembly
- Completed reload, in  0.863 seconds
Platform modules already initialized, skipping
Refreshing native plugins compatible for Editor in 0.40 ms, found 0 plugins.
Preloading 0 native plugins for Editor in 0.00 ms.
Unloading 1222 Unused Serialized files (Serialized files now loaded: 0)
System memory in use before: 64.9 MB.
System memory in use after: 65.0 MB.

Unloading 5 unused Assets to reduce memory usage. Loaded Objects now: 1701.
Total: 2.076100 ms (FindLiveObjects: 0.303400 ms CreateObjectMapping: 0.052600 ms MarkObjects: 1.664400 ms  DeleteObjects: 0.053100 ms)

========================================================================
Received Import Request.
  Time since last request: 173.070059 seconds.
  path: Assets/Prefabs/Battle/Enemies/Dragon.prefab
  artifactKey: Guid(8e9f948d32a085a4db9b45cfef26786a) Importer(815301076,1909f56bfc062723c751e8b465ee728b)
Start importing Assets/Prefabs/Battle/Enemies/Dragon.prefab using Guid(8e9f948d32a085a4db9b45cfef26786a) Importer(815301076,1909f56bfc062723c751e8b465ee728b)  -> (artifact id: 'cfab0c5a96ec8b26b1b6279c136e646b') in 0.072978 seconds
  Import took 0.077026 seconds .

========================================================================
Received Import Request.
  Time since last request: 38.720681 seconds.
  path: Assets/Prefabs/Battle/Battle Manager.prefab
  artifactKey: Guid(0603e09bad794f243919234384d8675d) Importer(815301076,1909f56bfc062723c751e8b465ee728b)
Start importing Assets/Prefabs/Battle/Battle Manager.prefab using Guid(0603e09bad794f243919234384d8675d) Importer(815301076,1909f56bfc062723c751e8b465ee728b)  -> (artifact id: '7ff614ce2d145edfa625a8dc6fe676a7') in 0.092207 seconds
  Import took 0.105972 seconds .

========================================================================
Received Prepare
Registering precompiled user dll's ...
Registered in 0.002676 seconds.
Begin MonoManager ReloadAssembly
Native extension for WindowsStandalone target not found
Native extension for WebGL target not found
Refreshing native plugins compatible for Editor in 0.63 ms, found 0 plugins.
Preloading 0 native plugins for Editor in 0.00 ms.
Invoked RoslynAnalysisRunner static constructor.
RoslynAnalysisRunner will not be running.
RoslynAnalysisRunner has terminated.
Mono: successfully reloaded assembly
- Completed reload, in  1.423 seconds
Platform modules already initialized, skipping
Refreshing native plugins compatible for Editor in 1.01 ms, found 0 plugins.
Preloading 0 native plugins for Editor in 0.00 ms.
Unloading 1222 Unused Serialized files (Serialized files now loaded: 0)
System memory in use before: 64.9 MB.
System memory in use after: 65.0 MB.

Unloading 5 unused Assets to reduce memory usage. Loaded Objects now: 1705.
Total: 3.542700 ms (FindLiveObjects: 0.261000 ms CreateObjectMapping: 0.087000 ms MarkObjects: 3.115000 ms  DeleteObjects: 0.078000 ms)

========================================================================
Received Prepare
Registering precompiled user dll's ...
Registered in 0.001924 seconds.
Begin MonoManager ReloadAssembly
Native extension for WindowsStandalone target not found
Native extension for WebGL target not found
Refreshing native plugins compatible for Editor in 0.46 ms, found 0 plugins.
Preloading 0 native plugins for Editor in 0.00 ms.
Invoked RoslynAnalysisRunner static constructor.
RoslynAnalysisRunner will not be running.
RoslynAnalysisRunner has terminated.
Mono: successfully reloaded assembly
- Completed reload, in  1.342 seconds
Platform modules already initialized, skipping
Refreshing native plugins compatible for Editor in 0.44 ms, found 0 plugins.
Preloading 0 native plugins for Editor in 0.00 ms.
Unloading 1222 Unused Serialized files (Serialized files now loaded: 0)
System memory in use before: 64.9 MB.
System memory in use after: 65.0 MB.

Unloading 5 unused Assets to reduce memory usage. Loaded Objects now: 1708.
Total: 2.202900 ms (FindLiveObjects: 0.162000 ms CreateObjectMapping: 0.051900 ms MarkObjects: 1.912900 ms  DeleteObjects: 0.074200 ms)

========================================================================
Received Prepare
Registering precompiled user dll's ...
Registered in 0.002131 seconds.
Begin MonoManager ReloadAssembly
Native extension for WindowsStandalone target not found
Native extension for WebGL target not found
Refreshing native plugins compatible for Editor in 0.82 ms, found 0 plugins.
Preloading 0 native plugins for Editor in 0.00 ms.
Invoked RoslynAnalysisRunner static constructor.
RoslynAnalysisRunner will not be running.
RoslynAnalysisRunner has terminated.
Mono: successfully reloaded assembly
- Completed reload, in  1.178 seconds
Platform modules already initialized, skipping
Refreshing native plugins compatible for Editor in 0.77 ms, found 0 plugins.
Preloading 0 native plugins for Editor in 0.00 ms.
Unloading 1222 Unused Serialized files (Serialized files now loaded: 0)
System memory in use before: 64.9 MB.
System memory in use after: 65.0 MB.

Unloading 5 unused Assets to reduce memory usage. Loaded Objects now: 1711.
Total: 3.172600 ms (FindLiveObjects: 0.172400 ms CreateObjectMapping: 0.054900 ms MarkObjects: 2.864700 ms  DeleteObjects: 0.079200 ms)

========================================================================
Received Import Request.
  Time since last request: 503.029879 seconds.
  path: Assets/Prefabs/Battle/Attack Effects/Enemy Attack Effect 1.prefab
  artifactKey: Guid(fa8360e82a4f1d24fa8ea7353d37d271) Importer(815301076,1909f56bfc062723c751e8b465ee728b)
Start importing Assets/Prefabs/Battle/Attack Effects/Enemy Attack Effect 1.prefab using Guid(fa8360e82a4f1d24fa8ea7353d37d271) Importer(815301076,1909f56bfc062723c751e8b465ee728b)  -> (artifact id: 'e48211287c579009781feff1faa40b90') in 0.034208 seconds
  Import took 0.036788 seconds .

========================================================================
Received Import Request.
  Time since last request: 5.895450 seconds.
  path: Assets/Prefabs/Battle/Attack Effects/Boss Attack Effect.prefab
  artifactKey: Guid(fa8360e82a4f1d24fa8ea7353d37d271) Importer(815301076,1909f56bfc062723c751e8b465ee728b)
Start importing Assets/Prefabs/Battle/Attack Effects/Boss Attack Effect.prefab using Guid(fa8360e82a4f1d24fa8ea7353d37d271) Importer(815301076,1909f56bfc062723c751e8b465ee728b)  -> (artifact id: '9daa45217d57309bd4f0405568036a76') in 0.014193 seconds
  Import took 0.017804 seconds .

========================================================================
Received Import Request.
  Time since last request: 59.735476 seconds.
  path: Assets/Prefabs/Battle/Battle Manager.prefab
  artifactKey: Guid(0603e09bad794f243919234384d8675d) Importer(815301076,1909f56bfc062723c751e8b465ee728b)
Start importing Assets/Prefabs/Battle/Battle Manager.prefab using Guid(0603e09bad794f243919234384d8675d) Importer(815301076,1909f56bfc062723c751e8b465ee728b)  -> (artifact id: '0f348438da85682dbf3662c72b18a83f') in 0.136905 seconds
  Import took 0.144944 seconds .

========================================================================
Received Prepare
Registering precompiled user dll's ...
Registered in 0.001873 seconds.
Begin MonoManager ReloadAssembly
Native extension for WindowsStandalone target not found
Native extension for WebGL target not found
Refreshing native plugins compatible for Editor in 0.48 ms, found 0 plugins.
Preloading 0 native plugins for Editor in 0.00 ms.
Invoked RoslynAnalysisRunner static constructor.
RoslynAnalysisRunner will not be running.
RoslynAnalysisRunner has terminated.
Mono: successfully reloaded assembly
- Completed reload, in  1.234 seconds
Platform modules already initialized, skipping
Refreshing native plugins compatible for Editor in 0.53 ms, found 0 plugins.
Preloading 0 native plugins for Editor in 0.00 ms.
Unloading 1222 Unused Serialized files (Serialized files now loaded: 0)
System memory in use before: 65.0 MB.
System memory in use after: 65.0 MB.

Unloading 5 unused Assets to reduce memory usage. Loaded Objects now: 1714.
Total: 2.765700 ms (FindLiveObjects: 0.384100 ms CreateObjectMapping: 0.094900 ms MarkObjects: 2.194900 ms  DeleteObjects: 0.088800 ms)

========================================================================
Received Import Request.
  Time since last request: 110.189885 seconds.
  path: Assets/Prefabs/Battle/Attack Effects/Boss Attack Effect.prefab
  artifactKey: Guid(fa8360e82a4f1d24fa8ea7353d37d271) Importer(815301076,1909f56bfc062723c751e8b465ee728b)
Start importing Assets/Prefabs/Battle/Attack Effects/Boss Attack Effect.prefab using Guid(fa8360e82a4f1d24fa8ea7353d37d271) Importer(815301076,1909f56bfc062723c751e8b465ee728b)  -> (artifact id: '2b92eb21d8e31946c0cf70997fa72b17') in 0.026975 seconds
  Import took 0.039020 seconds .

========================================================================
Received Import Request.
  Time since last request: 0.013011 seconds.
  path: Assets/Prefabs/Battle/Attack Effects/Boss Attack Effect.prefab
  artifactKey: Guid(fa8360e82a4f1d24fa8ea7353d37d271) Importer(815301076,1909f56bfc062723c751e8b465ee728b)
Start importing Assets/Prefabs/Battle/Attack Effects/Boss Attack Effect.prefab using Guid(fa8360e82a4f1d24fa8ea7353d37d271) Importer(815301076,1909f56bfc062723c751e8b465ee728b)  -> (artifact id: '2b92eb21d8e31946c0cf70997fa72b17') in 0.006551 seconds
  Import took 0.009885 seconds .

========================================================================
Received Prepare
Registering precompiled user dll's ...
Registered in 0.003521 seconds.
Begin MonoManager ReloadAssembly
Native extension for WindowsStandalone target not found
Native extension for WebGL target not found
Refreshing native plugins compatible for Editor in 0.51 ms, found 0 plugins.
Preloading 0 native plugins for Editor in 0.00 ms.
Invoked RoslynAnalysisRunner static constructor.
RoslynAnalysisRunner will not be running.
RoslynAnalysisRunner has terminated.
Mono: successfully reloaded assembly
- Completed reload, in  0.940 seconds
Platform modules already initialized, skipping
Refreshing native plugins compatible for Editor in 0.41 ms, found 0 plugins.
Preloading 0 native plugins for Editor in 0.00 ms.
Unloading 1222 Unused Serialized files (Serialized files now loaded: 0)
System memory in use before: 65.0 MB.
System memory in use after: 65.0 MB.

Unloading 5 unused Assets to reduce memory usage. Loaded Objects now: 1717.
Total: 3.157000 ms (FindLiveObjects: 0.248400 ms CreateObjectMapping: 0.048000 ms MarkObjects: 2.755300 ms  DeleteObjects: 0.102500 ms)

========================================================================
Received Prepare
Registering precompiled user dll's ...
Registered in 0.001707 seconds.
Begin MonoManager ReloadAssembly
Native extension for WindowsStandalone target not found
Native extension for WebGL target not found
Refreshing native plugins compatible for Editor in 0.42 ms, found 0 plugins.
Preloading 0 native plugins for Editor in 0.00 ms.
Invoked RoslynAnalysisRunner static constructor.
RoslynAnalysisRunner will not be running.
RoslynAnalysisRunner has terminated.
Mono: successfully reloaded assembly
- Completed reload, in  0.807 seconds
Platform modules already initialized, skipping
Refreshing native plugins compatible for Editor in 0.39 ms, found 0 plugins.
Preloading 0 native plugins for Editor in 0.00 ms.
Unloading 1222 Unused Serialized files (Serialized files now loaded: 0)
System memory in use before: 65.0 MB.
System memory in use after: 65.1 MB.

Unloading 5 unused Assets to reduce memory usage. Loaded Objects now: 1720.
Total: 2.100700 ms (FindLiveObjects: 0.255100 ms CreateObjectMapping: 0.079000 ms MarkObjects: 1.713200 ms  DeleteObjects: 0.051800 ms)

========================================================================
Received Import Request.
  Time since last request: 253.499291 seconds.
  path: Assets/Prefabs/Battle/Battle Manager.prefab
  artifactKey: Guid(0603e09bad794f243919234384d8675d) Importer(815301076,1909f56bfc062723c751e8b465ee728b)
Start importing Assets/Prefabs/Battle/Battle Manager.prefab using Guid(0603e09bad794f243919234384d8675d) Importer(815301076,1909f56bfc062723c751e8b465ee728b)  -> (artifact id: 'eb9f1486f56a6a9c38e616f2214522a9') in 0.117260 seconds
  Import took 0.131247 seconds .

========================================================================
Received Import Request.
  Time since last request: 31.754425 seconds.
  path: Assets/Prefabs/Battle/Attack Effects/Damage Display Effect 1.prefab
  artifactKey: Guid(11322a525c5f19b4c8b528b88d6e95a8) Importer(815301076,1909f56bfc062723c751e8b465ee728b)
Start importing Assets/Prefabs/Battle/Attack Effects/Damage Display Effect 1.prefab using Guid(11322a525c5f19b4c8b528b88d6e95a8) Importer(815301076,1909f56bfc062723c751e8b465ee728b)  -> (artifact id: 'da5cccc6af8588d04cbee768a2bfd704') in 0.012590 seconds
  Import took 0.015533 seconds .

========================================================================
Received Import Request.
  Time since last request: 6.307920 seconds.
  path: Assets/Prefabs/Battle/Attack Effects/Boss Damage Display Effect.prefab
  artifactKey: Guid(11322a525c5f19b4c8b528b88d6e95a8) Importer(815301076,1909f56bfc062723c751e8b465ee728b)
Start importing Assets/Prefabs/Battle/Attack Effects/Boss Damage Display Effect.prefab using Guid(11322a525c5f19b4c8b528b88d6e95a8) Importer(815301076,1909f56bfc062723c751e8b465ee728b)  -> (artifact id: '908f747d46a697eb07e8cbd785230464') in 0.012221 seconds
  Import took 0.015607 seconds .

========================================================================
Received Prepare
Registering precompiled user dll's ...
Registered in 0.002531 seconds.
Begin MonoManager ReloadAssembly
Native extension for WindowsStandalone target not found
Native extension for WebGL target not found
Refreshing native plugins compatible for Editor in 0.41 ms, found 0 plugins.
Preloading 0 native plugins for Editor in 0.00 ms.
Invoked RoslynAnalysisRunner static constructor.
RoslynAnalysisRunner will not be running.
RoslynAnalysisRunner has terminated.
Mono: successfully reloaded assembly
- Completed reload, in  0.808 seconds
Platform modules already initialized, skipping
Refreshing native plugins compatible for Editor in 0.56 ms, found 0 plugins.
Preloading 0 native plugins for Editor in 0.00 ms.
Unloading 1222 Unused Serialized files (Serialized files now loaded: 0)
System memory in use before: 65.0 MB.
System memory in use after: 65.1 MB.

Unloading 5 unused Assets to reduce memory usage. Loaded Objects now: 1723.
Total: 2.332900 ms (FindLiveObjects: 0.196300 ms CreateObjectMapping: 0.030600 ms MarkObjects: 1.985300 ms  DeleteObjects: 0.106800 ms)

========================================================================
Received Prepare
Registering precompiled user dll's ...
Registered in 0.001604 seconds.
Begin MonoManager ReloadAssembly
Native extension for WindowsStandalone target not found
Native extension for WebGL target not found
Refreshing native plugins compatible for Editor in 0.37 ms, found 0 plugins.
Preloading 0 native plugins for Editor in 0.00 ms.
Invoked RoslynAnalysisRunner static constructor.
RoslynAnalysisRunner will not be running.
RoslynAnalysisRunner has terminated.
Mono: successfully reloaded assembly
- Completed reload, in  0.799 seconds
Platform modules already initialized, skipping
Refreshing native plugins compatible for Editor in 0.39 ms, found 0 plugins.
Preloading 0 native plugins for Editor in 0.00 ms.
Unloading 1222 Unused Serialized files (Serialized files now loaded: 0)
System memory in use before: 65.0 MB.
System memory in use after: 65.1 MB.

Unloading 5 unused Assets to reduce memory usage. Loaded Objects now: 1726.
Total: 2.028500 ms (FindLiveObjects: 0.228000 ms CreateObjectMapping: 0.074400 ms MarkObjects: 1.660300 ms  DeleteObjects: 0.064000 ms)

========================================================================
Received Prepare
Registering precompiled user dll's ...
Registered in 0.002959 seconds.
Begin MonoManager ReloadAssembly
Native extension for WindowsStandalone target not found
Native extension for WebGL target not found
Refreshing native plugins compatible for Editor in 0.66 ms, found 0 plugins.
Preloading 0 native plugins for Editor in 0.00 ms.
Invoked RoslynAnalysisRunner static constructor.
RoslynAnalysisRunner will not be running.
RoslynAnalysisRunner has terminated.
Mono: successfully reloaded assembly
- Completed reload, in  1.171 seconds
Platform modules already initialized, skipping
Refreshing native plugins compatible for Editor in 0.42 ms, found 0 plugins.
Preloading 0 native plugins for Editor in 0.00 ms.
Unloading 1222 Unused Serialized files (Serialized files now loaded: 0)
System memory in use before: 65.0 MB.
System memory in use after: 65.1 MB.

Unloading 5 unused Assets to reduce memory usage. Loaded Objects now: 1729.
Total: 2.132000 ms (FindLiveObjects: 0.177100 ms CreateObjectMapping: 0.052600 ms MarkObjects: 1.810800 ms  DeleteObjects: 0.076000 ms)

========================================================================
Received Prepare
Registering precompiled user dll's ...
Registered in 0.001676 seconds.
Begin MonoManager ReloadAssembly
Native extension for WindowsStandalone target not found
Native extension for WebGL target not found
Refreshing native plugins compatible for Editor in 0.39 ms, found 0 plugins.
Preloading 0 native plugins for Editor in 0.00 ms.
Invoked RoslynAnalysisRunner static constructor.
RoslynAnalysisRunner will not be running.
RoslynAnalysisRunner has terminated.
Mono: successfully reloaded assembly
- Completed reload, in  0.778 seconds
Platform modules already initialized, skipping
Refreshing native plugins compatible for Editor in 0.38 ms, found 0 plugins.
Preloading 0 native plugins for Editor in 0.00 ms.
Unloading 1222 Unused Serialized files (Serialized files now loaded: 0)
System memory in use before: 65.0 MB.
System memory in use after: 65.1 MB.

Unloading 5 unused Assets to reduce memory usage. Loaded Objects now: 1732.
Total: 2.169600 ms (FindLiveObjects: 0.235000 ms CreateObjectMapping: 0.060600 ms MarkObjects: 1.814500 ms  DeleteObjects: 0.058300 ms)

========================================================================
Received Prepare
Registering precompiled user dll's ...
Registered in 0.002358 seconds.
Begin MonoManager ReloadAssembly
Native extension for WindowsStandalone target not found
Native extension for WebGL target not found
Refreshing native plugins compatible for Editor in 0.45 ms, found 0 plugins.
Preloading 0 native plugins for Editor in 0.00 ms.
Invoked RoslynAnalysisRunner static constructor.
RoslynAnalysisRunner will not be running.
RoslynAnalysisRunner has terminated.
Mono: successfully reloaded assembly
- Completed reload, in  1.135 seconds
Platform modules already initialized, skipping
Refreshing native plugins compatible for Editor in 0.47 ms, found 0 plugins.
Preloading 0 native plugins for Editor in 0.00 ms.
Unloading 1222 Unused Serialized files (Serialized files now loaded: 0)
System memory in use before: 65.0 MB.
System memory in use after: 65.1 MB.

Unloading 5 unused Assets to reduce memory usage. Loaded Objects now: 1735.
Total: 2.592800 ms (FindLiveObjects: 0.196600 ms CreateObjectMapping: 0.055800 ms MarkObjects: 2.255700 ms  DeleteObjects: 0.082800 ms)

========================================================================
Received Prepare
Registering precompiled user dll's ...
Registered in 0.002292 seconds.
Begin MonoManager ReloadAssembly
Native extension for WindowsStandalone target not found
Native extension for WebGL target not found
Refreshing native plugins compatible for Editor in 0.75 ms, found 0 plugins.
Preloading 0 native plugins for Editor in 0.00 ms.
Invoked RoslynAnalysisRunner static constructor.
RoslynAnalysisRunner will not be running.
RoslynAnalysisRunner has terminated.
Mono: successfully reloaded assembly
- Completed reload, in  1.174 seconds
Platform modules already initialized, skipping
Refreshing native plugins compatible for Editor in 0.44 ms, found 0 plugins.
Preloading 0 native plugins for Editor in 0.00 ms.
Unloading 1222 Unused Serialized files (Serialized files now loaded: 0)
System memory in use before: 65.0 MB.
System memory in use after: 65.1 MB.

Unloading 5 unused Assets to reduce memory usage. Loaded Objects now: 1738.
Total: 2.089400 ms (FindLiveObjects: 0.186400 ms CreateObjectMapping: 0.046400 ms MarkObjects: 1.798200 ms  DeleteObjects: 0.057300 ms)

========================================================================
Received Prepare
Registering precompiled user dll's ...
Registered in 0.002735 seconds.
Begin MonoManager ReloadAssembly
Native extension for WindowsStandalone target not found
Native extension for WebGL target not found
Refreshing native plugins compatible for Editor in 0.64 ms, found 0 plugins.
Preloading 0 native plugins for Editor in 0.00 ms.
Invoked RoslynAnalysisRunner static constructor.
RoslynAnalysisRunner will not be running.
RoslynAnalysisRunner has terminated.
Mono: successfully reloaded assembly
- Completed reload, in  2.386 seconds
Platform modules already initialized, skipping
Refreshing native plugins compatible for Editor in 1.08 ms, found 0 plugins.
Preloading 0 native plugins for Editor in 0.00 ms.
Unloading 1222 Unused Serialized files (Serialized files now loaded: 0)
System memory in use before: 65.0 MB.
System memory in use after: 65.1 MB.

Unloading 5 unused Assets to reduce memory usage. Loaded Objects now: 1741.
Total: 4.554500 ms (FindLiveObjects: 0.371800 ms CreateObjectMapping: 0.130600 ms MarkObjects: 3.941700 ms  DeleteObjects: 0.107700 ms)

========================================================================
Received Import Request.
  Time since last request: 778.925054 seconds.
  path: Assets/Prefabs/Battle/Enemies/Dragon.prefab
  artifactKey: Guid(8e9f948d32a085a4db9b45cfef26786a) Importer(815301076,1909f56bfc062723c751e8b465ee728b)
Start importing Assets/Prefabs/Battle/Enemies/Dragon.prefab using Guid(8e9f948d32a085a4db9b45cfef26786a) Importer(815301076,1909f56bfc062723c751e8b465ee728b)  -> (artifact id: '85d269a11dc2a94357faff6bfed60899') in 0.087140 seconds
  Import took 0.090125 seconds .

========================================================================
Received Prepare
Registering precompiled user dll's ...
Registered in 0.001614 seconds.
Begin MonoManager ReloadAssembly
Native extension for WindowsStandalone target not found
Native extension for WebGL target not found
Refreshing native plugins compatible for Editor in 0.52 ms, found 0 plugins.
Preloading 0 native plugins for Editor in 0.00 ms.
Invoked RoslynAnalysisRunner static constructor.
RoslynAnalysisRunner will not be running.
RoslynAnalysisRunner has terminated.
Mono: successfully reloaded assembly
- Completed reload, in  1.162 seconds
Platform modules already initialized, skipping
Refreshing native plugins compatible for Editor in 0.46 ms, found 0 plugins.
Preloading 0 native plugins for Editor in 0.00 ms.
Unloading 1222 Unused Serialized files (Serialized files now loaded: 0)
System memory in use before: 65.0 MB.
System memory in use after: 65.1 MB.

Unloading 5 unused Assets to reduce memory usage. Loaded Objects now: 1745.
Total: 2.310500 ms (FindLiveObjects: 0.212800 ms CreateObjectMapping: 0.080600 ms MarkObjects: 1.922200 ms  DeleteObjects: 0.093000 ms)

========================================================================
Received Prepare
Registering precompiled user dll's ...
Registered in 0.001536 seconds.
Begin MonoManager ReloadAssembly
Native extension for WindowsStandalone target not found
Native extension for WebGL target not found
Refreshing native plugins compatible for Editor in 0.46 ms, found 0 plugins.
Preloading 0 native plugins for Editor in 0.00 ms.
Invoked RoslynAnalysisRunner static constructor.
RoslynAnalysisRunner will not be running.
RoslynAnalysisRunner has terminated.
Mono: successfully reloaded assembly
- Completed reload, in  1.089 seconds
Platform modules already initialized, skipping
Refreshing native plugins compatible for Editor in 0.46 ms, found 0 plugins.
Preloading 0 native plugins for Editor in 0.00 ms.
Unloading 1222 Unused Serialized files (Serialized files now loaded: 0)
System memory in use before: 65.0 MB.
System memory in use after: 65.1 MB.

Unloading 5 unused Assets to reduce memory usage. Loaded Objects now: 1748.
Total: 2.381900 ms (FindLiveObjects: 0.196800 ms CreateObjectMapping: 0.058900 ms MarkObjects: 2.063900 ms  DeleteObjects: 0.061400 ms)

AssetImportWorkerClient::OnTransportError - code=2 error=End of file
