Using pre-set license
Built from '2020.2/staging' branch; Version is '2020.2.6f1 (8a2143876886) revision 9052483'; Using compiler version '192528614'; Build Type 'Release'
OS: 'Windows 10 Home; OS build 18363.1440; Version 1909; 64bit' Language: 'en' Physical Memory: 16226 MB
BatchMode: 1, IsHumanControllingUs: 0, StartBugReporterOnCrash: 0, Is64bit: 1, IsPro: 0

 COMMAND LINE ARGUMENTS:
E:\Editors\2020.2.6f1\Editor\Unity.exe
-adb2
-batchMode
-noUpm
-name
AssetImportWorker1
-projectPath
E:/GameDev/FantasyRPGCourse/FantasyRPG
-logFile
Logs/AssetImportWorker1.log
-srvPort
64258
Successfully changed project path to: E:/GameDev/FantasyRPGCourse/FantasyRPG
E:/GameDev/FantasyRPGCourse/FantasyRPG
Using Asset Import Pipeline V2.
Refreshing native plugins compatible for Editor in 53.79 ms, found 0 plugins.
Preloading 0 native plugins for Editor in 0.00 ms.
Initialize engine version: 2020.2.6f1 (8a2143876886)
[Subsystems] Discovering subsystems at path E:/Editors/2020.2.6f1/Editor/Data/Resources/UnitySubsystems
[Subsystems] Discovering subsystems at path E:/GameDev/FantasyRPGCourse/FantasyRPG/Assets
GfxDevice: creating device client; threaded=0
Direct3D:
    Version:  Direct3D 11.0 [level 11.1]
    Renderer: NVIDIA GeForce MX150 (ID=0x1d12)
    Vendor:   
    VRAM:     1994 MB
    Driver:   23.21.13.8892
Initialize mono
Mono path[0] = 'E:/Editors/2020.2.6f1/Editor/Data/Managed'
Mono path[1] = 'E:/Editors/2020.2.6f1/Editor/Data/MonoBleedingEdge/lib/mono/unityjit'
Mono config path = 'E:/Editors/2020.2.6f1/Editor/Data/MonoBleedingEdge/etc'
Using monoOptions --debugger-agent=transport=dt_socket,embedding=1,server=y,suspend=n,address=127.0.0.1:56872
Begin MonoManager ReloadAssembly
Registering precompiled unity dll's ...
Register platform support module: E:/Editors/2020.2.6f1/Editor/Data/PlaybackEngines/WebGLSupport/UnityEditor.WebGL.Extensions.dll
Register platform support module: E:/Editors/2020.2.6f1/Editor/Data/PlaybackEngines/WindowsStandaloneSupport/UnityEditor.WindowsStandalone.Extensions.dll
Registered in 0.002417 seconds.
Native extension for WindowsStandalone target not found
Native extension for WebGL target not found
Refreshing native plugins compatible for Editor in 40.20 ms, found 0 plugins.
Preloading 0 native plugins for Editor in 0.00 ms.
Invoked RoslynAnalysisRunner static constructor.
RoslynAnalysisRunner will not be running.
RoslynAnalysisRunner has terminated.
Mono: successfully reloaded assembly
- Completed reload, in  2.739 seconds
Platform modules already initialized, skipping
Registering precompiled user dll's ...
Registered in 0.000990 seconds.
Begin MonoManager ReloadAssembly
Native extension for WindowsStandalone target not found
Native extension for WebGL target not found
Refreshing native plugins compatible for Editor in 0.40 ms, found 0 plugins.
Preloading 0 native plugins for Editor in 0.00 ms.
Invoked RoslynAnalysisRunner static constructor.
RoslynAnalysisRunner will not be running.
RoslynAnalysisRunner has terminated.
Mono: successfully reloaded assembly
- Completed reload, in  1.005 seconds
Platform modules already initialized, skipping
========================================================================
Worker process is ready to serve import requests
Launched and connected shader compiler UnityShaderCompiler.exe after 0.11 seconds
Refreshing native plugins compatible for Editor in 0.55 ms, found 0 plugins.
Preloading 0 native plugins for Editor in 0.00 ms.
Unloading 1222 Unused Serialized files (Serialized files now loaded: 0)
System memory in use before: 61.3 MB.
System memory in use after: 61.4 MB.

Unloading 14 unused Assets to reduce memory usage. Loaded Objects now: 1669.
Total: 2.334500 ms (FindLiveObjects: 0.153300 ms CreateObjectMapping: 0.042300 ms MarkObjects: 2.017900 ms  DeleteObjects: 0.120000 ms)

========================================================================
Received Import Request.
  path: Assets/Scripts/Battle/BattleNotification.cs
  artifactKey: Guid(8355cd3ba7f8000469f357990423ab1e) Importer(815301076,1909f56bfc062723c751e8b465ee728b)
Start importing Assets/Scripts/Battle/BattleNotification.cs using Guid(8355cd3ba7f8000469f357990423ab1e) Importer(815301076,1909f56bfc062723c751e8b465ee728b)  -> (artifact id: 'e2fdd68e1cf9481c3361651b7046a614') in 0.065017 seconds
  Import took 0.068194 seconds .

========================================================================
Received Prepare
Registering precompiled user dll's ...
Registered in 0.000965 seconds.
Begin MonoManager ReloadAssembly
Native extension for WindowsStandalone target not found
Native extension for WebGL target not found
Refreshing native plugins compatible for Editor in 0.37 ms, found 0 plugins.
Preloading 0 native plugins for Editor in 0.00 ms.
Invoked RoslynAnalysisRunner static constructor.
RoslynAnalysisRunner will not be running.
RoslynAnalysisRunner has terminated.
Mono: successfully reloaded assembly
- Completed reload, in  0.889 seconds
Platform modules already initialized, skipping
Refreshing native plugins compatible for Editor in 0.41 ms, found 0 plugins.
Preloading 0 native plugins for Editor in 0.00 ms.
Unloading 1217 Unused Serialized files (Serialized files now loaded: 0)
System memory in use before: 61.3 MB.
System memory in use after: 61.4 MB.

Unloading 5 unused Assets to reduce memory usage. Loaded Objects now: 1672.
Total: 2.063400 ms (FindLiveObjects: 0.202600 ms CreateObjectMapping: 0.056500 ms MarkObjects: 1.743400 ms  DeleteObjects: 0.059900 ms)

========================================================================
Received Prepare
Registering precompiled user dll's ...
Registered in 0.000921 seconds.
Begin MonoManager ReloadAssembly
Native extension for WindowsStandalone target not found
Native extension for WebGL target not found
Refreshing native plugins compatible for Editor in 0.42 ms, found 0 plugins.
Preloading 0 native plugins for Editor in 0.00 ms.
Invoked RoslynAnalysisRunner static constructor.
RoslynAnalysisRunner will not be running.
RoslynAnalysisRunner has terminated.
Mono: successfully reloaded assembly
- Completed reload, in  0.777 seconds
Platform modules already initialized, skipping
Refreshing native plugins compatible for Editor in 0.37 ms, found 0 plugins.
Preloading 0 native plugins for Editor in 0.00 ms.
Unloading 1217 Unused Serialized files (Serialized files now loaded: 0)
System memory in use before: 61.3 MB.
System memory in use after: 61.4 MB.

Unloading 5 unused Assets to reduce memory usage. Loaded Objects now: 1675.
Total: 3.735900 ms (FindLiveObjects: 0.342100 ms CreateObjectMapping: 0.086300 ms MarkObjects: 3.215000 ms  DeleteObjects: 0.088000 ms)

========================================================================
Received Import Request.
  Time since last request: 366.521023 seconds.
  path: Assets/Scripts/Battle/BattleNotification.cs
  artifactKey: Guid(8355cd3ba7f8000469f357990423ab1e) Importer(815301076,1909f56bfc062723c751e8b465ee728b)
Start importing Assets/Scripts/Battle/BattleNotification.cs using Guid(8355cd3ba7f8000469f357990423ab1e) Importer(815301076,1909f56bfc062723c751e8b465ee728b)  -> (artifact id: '26f7c841ea4405ac5f5e4c616fe43add') in 0.011912 seconds
  Import took 0.014838 seconds .

========================================================================
Received Prepare
Registering precompiled user dll's ...
Registered in 0.001025 seconds.
Begin MonoManager ReloadAssembly
Native extension for WindowsStandalone target not found
Native extension for WebGL target not found
Refreshing native plugins compatible for Editor in 0.63 ms, found 0 plugins.
Preloading 0 native plugins for Editor in 0.00 ms.
Invoked RoslynAnalysisRunner static constructor.
RoslynAnalysisRunner will not be running.
RoslynAnalysisRunner has terminated.
Mono: successfully reloaded assembly
- Completed reload, in  0.789 seconds
Platform modules already initialized, skipping
Refreshing native plugins compatible for Editor in 0.53 ms, found 0 plugins.
Preloading 0 native plugins for Editor in 0.00 ms.
Unloading 1217 Unused Serialized files (Serialized files now loaded: 0)
System memory in use before: 61.3 MB.
System memory in use after: 61.4 MB.

Unloading 5 unused Assets to reduce memory usage. Loaded Objects now: 1678.
Total: 1.930700 ms (FindLiveObjects: 0.179400 ms CreateObjectMapping: 0.045500 ms MarkObjects: 1.650800 ms  DeleteObjects: 0.053900 ms)

========================================================================
Received Prepare
Registering precompiled user dll's ...
Registered in 0.000911 seconds.
Begin MonoManager ReloadAssembly
Native extension for WindowsStandalone target not found
Native extension for WebGL target not found
Refreshing native plugins compatible for Editor in 0.38 ms, found 0 plugins.
Preloading 0 native plugins for Editor in 0.00 ms.
Invoked RoslynAnalysisRunner static constructor.
RoslynAnalysisRunner will not be running.
RoslynAnalysisRunner has terminated.
Mono: successfully reloaded assembly
- Completed reload, in  0.791 seconds
Platform modules already initialized, skipping
Refreshing native plugins compatible for Editor in 0.37 ms, found 0 plugins.
Preloading 0 native plugins for Editor in 0.00 ms.
Unloading 1217 Unused Serialized files (Serialized files now loaded: 0)
System memory in use before: 61.3 MB.
System memory in use after: 61.4 MB.

Unloading 5 unused Assets to reduce memory usage. Loaded Objects now: 1681.
Total: 1.876900 ms (FindLiveObjects: 0.163700 ms CreateObjectMapping: 0.050000 ms MarkObjects: 1.615000 ms  DeleteObjects: 0.047300 ms)

========================================================================
Received Prepare
Registering precompiled user dll's ...
Registered in 0.000969 seconds.
Begin MonoManager ReloadAssembly
Native extension for WindowsStandalone target not found
Native extension for WebGL target not found
Refreshing native plugins compatible for Editor in 0.76 ms, found 0 plugins.
Preloading 0 native plugins for Editor in 0.00 ms.
Invoked RoslynAnalysisRunner static constructor.
RoslynAnalysisRunner will not be running.
RoslynAnalysisRunner has terminated.
Mono: successfully reloaded assembly
- Completed reload, in  0.785 seconds
Platform modules already initialized, skipping
Refreshing native plugins compatible for Editor in 0.38 ms, found 0 plugins.
Preloading 0 native plugins for Editor in 0.00 ms.
Unloading 1217 Unused Serialized files (Serialized files now loaded: 0)
System memory in use before: 61.4 MB.
System memory in use after: 61.4 MB.

Unloading 5 unused Assets to reduce memory usage. Loaded Objects now: 1684.
Total: 1.845500 ms (FindLiveObjects: 0.148600 ms CreateObjectMapping: 0.047600 ms MarkObjects: 1.600500 ms  DeleteObjects: 0.047300 ms)

========================================================================
Received Prepare
Registering precompiled user dll's ...
Registered in 0.002028 seconds.
Begin MonoManager ReloadAssembly
Native extension for WindowsStandalone target not found
Native extension for WebGL target not found
Refreshing native plugins compatible for Editor in 1.37 ms, found 0 plugins.
Preloading 0 native plugins for Editor in 0.00 ms.
Invoked RoslynAnalysisRunner static constructor.
RoslynAnalysisRunner will not be running.
RoslynAnalysisRunner has terminated.
Mono: successfully reloaded assembly
- Completed reload, in  1.568 seconds
Platform modules already initialized, skipping
Refreshing native plugins compatible for Editor in 0.64 ms, found 0 plugins.
Preloading 0 native plugins for Editor in 0.00 ms.
Unloading 1217 Unused Serialized files (Serialized files now loaded: 0)
System memory in use before: 61.4 MB.
System memory in use after: 61.4 MB.

Unloading 5 unused Assets to reduce memory usage. Loaded Objects now: 1687.
Total: 3.124600 ms (FindLiveObjects: 0.710500 ms CreateObjectMapping: 0.156600 ms MarkObjects: 2.190300 ms  DeleteObjects: 0.064100 ms)

========================================================================
Received Prepare
Registering precompiled user dll's ...
Registered in 0.001133 seconds.
Begin MonoManager ReloadAssembly
Native extension for WindowsStandalone target not found
Native extension for WebGL target not found
Refreshing native plugins compatible for Editor in 0.47 ms, found 0 plugins.
Preloading 0 native plugins for Editor in 0.00 ms.
Invoked RoslynAnalysisRunner static constructor.
RoslynAnalysisRunner will not be running.
RoslynAnalysisRunner has terminated.
Mono: successfully reloaded assembly
- Completed reload, in  0.894 seconds
Platform modules already initialized, skipping
Refreshing native plugins compatible for Editor in 0.40 ms, found 0 plugins.
Preloading 0 native plugins for Editor in 0.00 ms.
Unloading 1217 Unused Serialized files (Serialized files now loaded: 0)
System memory in use before: 61.4 MB.
System memory in use after: 61.4 MB.

Unloading 5 unused Assets to reduce memory usage. Loaded Objects now: 1690.
Total: 2.142000 ms (FindLiveObjects: 0.171700 ms CreateObjectMapping: 0.037500 ms MarkObjects: 1.835500 ms  DeleteObjects: 0.096200 ms)

========================================================================
Received Prepare
Registering precompiled user dll's ...
Registered in 0.001153 seconds.
Begin MonoManager ReloadAssembly
Native extension for WindowsStandalone target not found
Native extension for WebGL target not found
Refreshing native plugins compatible for Editor in 0.49 ms, found 0 plugins.
Preloading 0 native plugins for Editor in 0.00 ms.
Invoked RoslynAnalysisRunner static constructor.
RoslynAnalysisRunner will not be running.
RoslynAnalysisRunner has terminated.
Mono: successfully reloaded assembly
- Completed reload, in  1.173 seconds
Platform modules already initialized, skipping
Refreshing native plugins compatible for Editor in 0.52 ms, found 0 plugins.
Preloading 0 native plugins for Editor in 0.00 ms.
Unloading 1217 Unused Serialized files (Serialized files now loaded: 0)
System memory in use before: 61.4 MB.
System memory in use after: 61.5 MB.

Unloading 5 unused Assets to reduce memory usage. Loaded Objects now: 1693.
Total: 2.609000 ms (FindLiveObjects: 0.174600 ms CreateObjectMapping: 0.058400 ms MarkObjects: 2.305800 ms  DeleteObjects: 0.069000 ms)

========================================================================
Received Prepare
Registering precompiled user dll's ...
Registered in 0.001046 seconds.
Begin MonoManager ReloadAssembly
Native extension for WindowsStandalone target not found
Native extension for WebGL target not found
Refreshing native plugins compatible for Editor in 0.38 ms, found 0 plugins.
Preloading 0 native plugins for Editor in 0.00 ms.
Invoked RoslynAnalysisRunner static constructor.
RoslynAnalysisRunner will not be running.
RoslynAnalysisRunner has terminated.
Mono: successfully reloaded assembly
- Completed reload, in  0.897 seconds
Platform modules already initialized, skipping
Refreshing native plugins compatible for Editor in 0.39 ms, found 0 plugins.
Preloading 0 native plugins for Editor in 0.00 ms.
Unloading 1217 Unused Serialized files (Serialized files now loaded: 0)
System memory in use before: 61.4 MB.
System memory in use after: 61.5 MB.

Unloading 5 unused Assets to reduce memory usage. Loaded Objects now: 1696.
Total: 2.081100 ms (FindLiveObjects: 0.224300 ms CreateObjectMapping: 0.043100 ms MarkObjects: 1.728200 ms  DeleteObjects: 0.084000 ms)

========================================================================
Received Prepare
Registering precompiled user dll's ...
Registered in 0.000951 seconds.
Begin MonoManager ReloadAssembly
Native extension for WindowsStandalone target not found
Native extension for WebGL target not found
Refreshing native plugins compatible for Editor in 0.42 ms, found 0 plugins.
Preloading 0 native plugins for Editor in 0.00 ms.
Invoked RoslynAnalysisRunner static constructor.
RoslynAnalysisRunner will not be running.
RoslynAnalysisRunner has terminated.
Mono: successfully reloaded assembly
- Completed reload, in  0.795 seconds
Platform modules already initialized, skipping
Refreshing native plugins compatible for Editor in 0.46 ms, found 0 plugins.
Preloading 0 native plugins for Editor in 0.00 ms.
Unloading 1217 Unused Serialized files (Serialized files now loaded: 0)
System memory in use before: 61.4 MB.
System memory in use after: 61.5 MB.

Unloading 5 unused Assets to reduce memory usage. Loaded Objects now: 1699.
Total: 2.289500 ms (FindLiveObjects: 0.187800 ms CreateObjectMapping: 0.059500 ms MarkObjects: 1.965600 ms  DeleteObjects: 0.074700 ms)

========================================================================
Received Prepare
Registering precompiled user dll's ...
Registered in 0.002808 seconds.
Begin MonoManager ReloadAssembly
Native extension for WindowsStandalone target not found
Native extension for WebGL target not found
Refreshing native plugins compatible for Editor in 0.61 ms, found 0 plugins.
Preloading 0 native plugins for Editor in 0.00 ms.
Invoked RoslynAnalysisRunner static constructor.
RoslynAnalysisRunner will not be running.
RoslynAnalysisRunner has terminated.
Mono: successfully reloaded assembly
- Completed reload, in  1.443 seconds
Platform modules already initialized, skipping
Refreshing native plugins compatible for Editor in 0.59 ms, found 0 plugins.
Preloading 0 native plugins for Editor in 0.00 ms.
Unloading 1217 Unused Serialized files (Serialized files now loaded: 0)
System memory in use before: 61.4 MB.
System memory in use after: 61.5 MB.

Unloading 5 unused Assets to reduce memory usage. Loaded Objects now: 1702.
Total: 3.614000 ms (FindLiveObjects: 0.255900 ms CreateObjectMapping: 0.066300 ms MarkObjects: 3.199200 ms  DeleteObjects: 0.090600 ms)

========================================================================
Received Prepare
Registering precompiled user dll's ...
Registered in 0.001196 seconds.
Begin MonoManager ReloadAssembly
Native extension for WindowsStandalone target not found
Native extension for WebGL target not found
Refreshing native plugins compatible for Editor in 0.44 ms, found 0 plugins.
Preloading 0 native plugins for Editor in 0.00 ms.
Invoked RoslynAnalysisRunner static constructor.
RoslynAnalysisRunner will not be running.
RoslynAnalysisRunner has terminated.
Mono: successfully reloaded assembly
- Completed reload, in  0.832 seconds
Platform modules already initialized, skipping
Refreshing native plugins compatible for Editor in 0.51 ms, found 0 plugins.
Preloading 0 native plugins for Editor in 0.00 ms.
Unloading 1217 Unused Serialized files (Serialized files now loaded: 0)
System memory in use before: 61.4 MB.
System memory in use after: 61.5 MB.

Unloading 5 unused Assets to reduce memory usage. Loaded Objects now: 1705.
Total: 2.112100 ms (FindLiveObjects: 0.234300 ms CreateObjectMapping: 0.043400 ms MarkObjects: 1.734200 ms  DeleteObjects: 0.098700 ms)

========================================================================
Received Prepare
Registering precompiled user dll's ...
Registered in 0.001473 seconds.
Begin MonoManager ReloadAssembly
Native extension for WindowsStandalone target not found
Native extension for WebGL target not found
Refreshing native plugins compatible for Editor in 0.51 ms, found 0 plugins.
Preloading 0 native plugins for Editor in 0.00 ms.
Invoked RoslynAnalysisRunner static constructor.
RoslynAnalysisRunner will not be running.
RoslynAnalysisRunner has terminated.
Mono: successfully reloaded assembly
- Completed reload, in  1.134 seconds
Platform modules already initialized, skipping
Refreshing native plugins compatible for Editor in 0.43 ms, found 0 plugins.
Preloading 0 native plugins for Editor in 0.00 ms.
Unloading 1217 Unused Serialized files (Serialized files now loaded: 0)
System memory in use before: 61.5 MB.
System memory in use after: 61.6 MB.

Unloading 5 unused Assets to reduce memory usage. Loaded Objects now: 1708.
Total: 3.028500 ms (FindLiveObjects: 0.211100 ms CreateObjectMapping: 0.056700 ms MarkObjects: 2.701700 ms  DeleteObjects: 0.057700 ms)

========================================================================
Received Import Request.
  Time since last request: 1159.094436 seconds.
  path: Assets/Prefabs/Battle/Battle Manager.prefab
  artifactKey: Guid(0603e09bad794f243919234384d8675d) Importer(815301076,1909f56bfc062723c751e8b465ee728b)
Start importing Assets/Prefabs/Battle/Battle Manager.prefab using Guid(0603e09bad794f243919234384d8675d) Importer(815301076,1909f56bfc062723c751e8b465ee728b)  -> (artifact id: '29f83595aee5513ff76cfb80167332be') in 0.117370 seconds
  Import took 0.122729 seconds .

========================================================================
Received Import Request.
  Time since last request: 3.043073 seconds.
  path: Assets/Prefabs/Battle/Battle Manager.prefab
  artifactKey: Guid(0603e09bad794f243919234384d8675d) Importer(815301076,1909f56bfc062723c751e8b465ee728b)
Start importing Assets/Prefabs/Battle/Battle Manager.prefab using Guid(0603e09bad794f243919234384d8675d) Importer(815301076,1909f56bfc062723c751e8b465ee728b)  -> (artifact id: '5e46d5c171d0f5c8a4a04779050b1103') in 0.050032 seconds
  Import took 0.054715 seconds .

========================================================================
Received Prepare
Registering precompiled user dll's ...
Registered in 0.000976 seconds.
Begin MonoManager ReloadAssembly
Native extension for WindowsStandalone target not found
Native extension for WebGL target not found
Refreshing native plugins compatible for Editor in 0.94 ms, found 0 plugins.
Preloading 0 native plugins for Editor in 0.00 ms.
Invoked RoslynAnalysisRunner static constructor.
RoslynAnalysisRunner will not be running.
RoslynAnalysisRunner has terminated.
Mono: successfully reloaded assembly
- Completed reload, in  0.989 seconds
Platform modules already initialized, skipping
Refreshing native plugins compatible for Editor in 0.50 ms, found 0 plugins.
Preloading 0 native plugins for Editor in 0.00 ms.
Unloading 1217 Unused Serialized files (Serialized files now loaded: 0)
System memory in use before: 61.7 MB.
System memory in use after: 61.8 MB.

Unloading 5 unused Assets to reduce memory usage. Loaded Objects now: 1711.
Total: 2.235900 ms (FindLiveObjects: 0.221900 ms CreateObjectMapping: 0.043100 ms MarkObjects: 1.898300 ms  DeleteObjects: 0.071400 ms)

AssetImportWorkerClient::OnTransportError - code=2 error=End of file
